{"name": "test_google_logo", "status": "failed", "statusDetails": {"message": "AssertionError: assert 1 == 0\n +  where 1 = len([<selenium.webdriver.remote.webelement.WebElement (session=\"1834184fd525b1332dcc582255277ac7\", element=\"f.6589F8CFDA23DC77334F183904B44C74.d.FBB393714DE8AAF9104388372C8A62CD.e.7\")>])", "trace": "self = <Test_google.TestGoogleApp object at 0x7fe4e857ca60>\njsonData = {'title': 'Google', 'url_docker': 'https://www.docker.com', 'url_google': 'https://www.google.com', 'url_heroku': 'https://the-internet.herokuapp.com/', ...}\n\n    @pytest.mark.smoke\n    def test_google_logo(self,jsonData):\n    \n        self.driver.get(jsonData['url_google'])\n        self.driver.implicitly_wait(10)\n        logo = self.driver.find_elements(By.XPATH, \"//img[@alt='Google']\")\n>       assert len(logo) == 0\nE       assert 1 == 0\nE        +  where 1 = len([<selenium.webdriver.remote.webelement.WebElement (session=\"1834184fd525b1332dcc582255277ac7\", element=\"f.6589F8CFDA23DC77334F183904B44C74.d.FBB393714DE8AAF9104388372C8A62CD.e.7\")>])\n\nScripts_pytest/Test_google.py:27: AssertionError"}, "start": 1733226914931, "stop": 1733226917868, "uuid": "7210a2b1-6595-4391-85e9-667619d29bb9", "historyId": "fcf0b183626b5eb791fc25416113065e", "testCaseId": "7d4715cc68a61bd895d428d68fa168a7", "fullName": "Scripts_pytest.Test_google.TestGoogleApp#test_google_logo", "labels": [{"name": "tag", "value": "smoke"}, {"name": "tag", "value": "@pytest.mark.usefixtures('multiple_browser')"}, {"name": "parentSuite", "value": "Scripts_pytest"}, {"name": "suite", "value": "Test_google"}, {"name": "subSuite", "value": "TestGoogleApp"}, {"name": "host", "value": "Mithuns-MacBook-Air-2.local"}, {"name": "thread", "value": "86424-MainThread"}, {"name": "framework", "value": "pytest"}, {"name": "language", "value": "cpython3"}, {"name": "package", "value": "Scripts_pytest.Test_google"}]}