{"name": "test_google_logo", "status": "failed", "statusDetails": {"message": "AssertionError: assert 1 == 0\n +  where 1 = len([<selenium.webdriver.remote.webelement.WebElement (session=\"9460cb6b0117e2149ab9b66a980a7907\", element=\"f.1580FFFC1EEE74F146B09A11C3886D15.d.C27FAFFE77F4D1A69774D0406E87452C.e.15\")>])", "trace": "self = <Test_google.TestGoogleApp object at 0x7ff1f74719d0>\njsonData = {'title': 'Google', 'url_docker': 'https://www.docker.com', 'url_google': 'https://www.google.com', 'url_heroku': 'https://the-internet.herokuapp.com/', ...}\n\n    @pytest.mark.smoke\n    def test_google_logo(self,jsonData):\n    \n        self.driver.get(jsonData['url_google'])\n        self.driver.implicitly_wait(10)\n        logo = self.driver.find_elements(By.XPATH, \"//img[@alt='Google']\")\n>       assert len(logo) == 0\nE       assert 1 == 0\nE        +  where 1 = len([<selenium.webdriver.remote.webelement.WebElement (session=\"9460cb6b0117e2149ab9b66a980a7907\", element=\"f.1580FFFC1EEE74F146B09A11C3886D15.d.C27FAFFE77F4D1A69774D0406E87452C.e.15\")>])\n\nScripts_pytest/Test_google.py:27: AssertionError"}, "start": 1733154502244, "stop": 1733154505116, "uuid": "5467edee-2a67-4422-bde7-cb2408ec56a8", "historyId": "fcf0b183626b5eb791fc25416113065e", "testCaseId": "7d4715cc68a61bd895d428d68fa168a7", "fullName": "Scripts_pytest.Test_google.TestGoogleApp#test_google_logo", "labels": [{"name": "tag", "value": "smoke"}, {"name": "tag", "value": "@pytest.mark.usefixtures('multiple_browser')"}, {"name": "parentSuite", "value": "Scripts_pytest"}, {"name": "suite", "value": "Test_google"}, {"name": "subSuite", "value": "TestGoogleApp"}, {"name": "host", "value": "Mithuns-MacBook-Air-2.local"}, {"name": "thread", "value": "82950-MainThread"}, {"name": "framework", "value": "pytest"}, {"name": "language", "value": "cpython3"}, {"name": "package", "value": "Scripts_pytest.Test_google"}]}