{"name": "test_google_logo", "status": "failed", "statusDetails": {"message": "AssertionError: assert 1 == 0\n +  where 1 = len([<selenium.webdriver.remote.webelement.WebElement (session=\"0807c615a0eea3c72b888a0b95b97b40\", element=\"f.958A5712D60157DE0CFAB6909184683F.d.BC182422D6335AE88DEA3ED2D7DF610B.e.7\")>])", "trace": "self = <Test_google.TestGoogleApp object at 0x7fa28ed7d880>\njsonData = {'title': 'Google', 'url_docker': 'https://www.docker.com', 'url_google': 'https://www.google.com', 'url_heroku': 'https://the-internet.herokuapp.com/', ...}\n\n    @pytest.mark.smoke\n    def test_google_logo(self,jsonData):\n    \n        self.driver.get(jsonData['url_google'])\n        self.driver.implicitly_wait(10)\n        logo = self.driver.find_elements(By.XPATH, \"//img[@alt='Google']\")\n>       assert len(logo) == 0\nE       assert 1 == 0\nE        +  where 1 = len([<selenium.webdriver.remote.webelement.WebElement (session=\"0807c615a0eea3c72b888a0b95b97b40\", element=\"f.958A5712D60157DE0CFAB6909184683F.d.BC182422D6335AE88DEA3ED2D7DF610B.e.7\")>])\n\nScripts_pytest/Test_google.py:27: AssertionError"}, "start": 1733154322319, "stop": 1733154325166, "uuid": "7fbc9e55-5000-4063-a1a0-b13bac8dc37f", "historyId": "fcf0b183626b5eb791fc25416113065e", "testCaseId": "7d4715cc68a61bd895d428d68fa168a7", "fullName": "Scripts_pytest.Test_google.TestGoogleApp#test_google_logo", "labels": [{"name": "tag", "value": "smoke"}, {"name": "tag", "value": "@pytest.mark.usefixtures('multiple_browser')"}, {"name": "parentSuite", "value": "Scripts_pytest"}, {"name": "suite", "value": "Test_google"}, {"name": "subSuite", "value": "TestGoogleApp"}, {"name": "host", "value": "Mithuns-MacBook-Air-2.local"}, {"name": "thread", "value": "80705-MainThread"}, {"name": "framework", "value": "pytest"}, {"name": "language", "value": "cpython3"}, {"name": "package", "value": "Scripts_pytest.Test_google"}]}